[debug] [2026-04-20T12:54:42.050Z] ----------------------------------------------------------------------
[debug] [2026-04-20T12:54:42.053Z] Command:       /snap/node/11398/bin/node /usr/local/bin/firebase deploy --only functions
[debug] [2026-04-20T12:54:42.053Z] CLI Version:   15.15.0
[debug] [2026-04-20T12:54:42.053Z] Platform:      linux
[debug] [2026-04-20T12:54:42.053Z] Node Version:  v24.14.1
[debug] [2026-04-20T12:54:42.053Z] Time:          Mon Apr 20 2026 18:24:42 GMT+0530 (India Standard Time)
[debug] [2026-04-20T12:54:42.053Z] ----------------------------------------------------------------------
[debug] 
[debug] [2026-04-20T12:54:43.150Z] > command requires scopes: ["email","openid","https://www.googleapis.com/auth/cloudplatformprojects.readonly","https://www.googleapis.com/auth/firebase","https://www.googleapis.com/auth/cloud-platform"]
[debug] [2026-04-20T12:54:43.150Z] > authorizing via signed-in user (hnkm.personal@gmail.com)
[debug] [2026-04-20T12:54:43.150Z] [iam] checking project neverbe-18307 for permissions ["cloudfunctions.functions.create","cloudfunctions.functions.delete","cloudfunctions.functions.get","cloudfunctions.functions.list","cloudfunctions.functions.update","cloudfunctions.operations.get","firebase.projects.get"]
[debug] [2026-04-20T12:54:43.152Z] Checked if tokens are valid: true, expires at: 1776692107164
[debug] [2026-04-20T12:54:43.152Z] Checked if tokens are valid: true, expires at: 1776692107164
[debug] [2026-04-20T12:54:43.153Z] >>> [apiv2][query] POST https://cloudresourcemanager.googleapis.com/v1/projects/neverbe-18307:testIamPermissions [none]
[debug] [2026-04-20T12:54:43.154Z] >>> [apiv2][(partial)header] POST https://cloudresourcemanager.googleapis.com/v1/projects/neverbe-18307:testIamPermissions  x-goog-user-project=neverbe-18307
[debug] [2026-04-20T12:54:43.154Z] >>> [apiv2][body] POST https://cloudresourcemanager.googleapis.com/v1/projects/neverbe-18307:testIamPermissions {"permissions":["cloudfunctions.functions.create","cloudfunctions.functions.delete","cloudfunctions.functions.get","cloudfunctions.functions.list","cloudfunctions.functions.update","cloudfunctions.operations.get","firebase.projects.get"]}
[debug] [2026-04-20T12:54:44.845Z] <<< [apiv2][status] POST https://cloudresourcemanager.googleapis.com/v1/projects/neverbe-18307:testIamPermissions 200
[debug] [2026-04-20T12:54:44.845Z] <<< [apiv2][body] POST https://cloudresourcemanager.googleapis.com/v1/projects/neverbe-18307:testIamPermissions {"permissions":["cloudfunctions.functions.create","cloudfunctions.functions.delete","cloudfunctions.functions.get","cloudfunctions.functions.list","cloudfunctions.functions.update","cloudfunctions.operations.get","firebase.projects.get"]}
[debug] [2026-04-20T12:54:44.846Z] Checked if tokens are valid: true, expires at: 1776692107164
[debug] [2026-04-20T12:54:44.846Z] Checked if tokens are valid: true, expires at: 1776692107164
[debug] [2026-04-20T12:54:44.846Z] >>> [apiv2][query] POST https://iam.googleapis.com/v1/projects/neverbe-18307/serviceAccounts/neverbe-18307@appspot.gserviceaccount.com:testIamPermissions [none]
[debug] [2026-04-20T12:54:44.846Z] >>> [apiv2][body] POST https://iam.googleapis.com/v1/projects/neverbe-18307/serviceAccounts/neverbe-18307@appspot.gserviceaccount.com:testIamPermissions {"permissions":["iam.serviceAccounts.actAs"]}
[debug] [2026-04-20T12:54:46.375Z] <<< [apiv2][status] POST https://iam.googleapis.com/v1/projects/neverbe-18307/serviceAccounts/neverbe-18307@appspot.gserviceaccount.com:testIamPermissions 200
[debug] [2026-04-20T12:54:46.375Z] <<< [apiv2][body] POST https://iam.googleapis.com/v1/projects/neverbe-18307/serviceAccounts/neverbe-18307@appspot.gserviceaccount.com:testIamPermissions {"permissions":["iam.serviceAccounts.actAs"]}
[info] 
[info] === Deploying to 'neverbe-18307'...
[info] 
[info] i  deploying functions 
[info] Running command: npm --prefix "$RESOURCE_DIR" run build
